  glad.c
  proy.cpp
c:\users\pepel\documents\github\proyecto_teoria\proyecto_teoria\proyecto_teoria\include\shader_m.h(44): warning C4101: 'e': variable local sin referencia
c:\users\pepel\documents\github\proyecto_teoria\proyecto_teoria\proyecto_teoria\include\modelanim.h(104): warning C4244: '=': conversión de 'double' a 'float'; posible pérdida de datos
c:\users\pepel\documents\github\proyecto_teoria\proyecto_teoria\proyecto_teoria\include\modelanim.h(520): warning C4244: 'inicializando': conversión de 'double' a 'float'; posible pérdida de datos
c:\users\pepel\documents\github\proyecto_teoria\proyecto_teoria\proyecto_teoria\proy.cpp(385): warning C4244: 'argumento': conversión de 'double' a 'float'; posible pérdida de datos
c:\users\pepel\documents\github\proyecto_teoria\proyecto_teoria\proyecto_teoria\proy.cpp(387): warning C4244: 'argumento': conversión de 'double' a 'float'; posible pérdida de datos
c:\users\pepel\documents\github\proyecto_teoria\proyecto_teoria\proyecto_teoria\proy.cpp(389): warning C4244: 'argumento': conversión de 'double' a 'float'; posible pérdida de datos
c:\users\pepel\documents\github\proyecto_teoria\proyecto_teoria\proyecto_teoria\proy.cpp(391): warning C4244: 'argumento': conversión de 'double' a 'float'; posible pérdida de datos
c:\users\pepel\documents\github\proyecto_teoria\proyecto_teoria\proyecto_teoria\proy.cpp(431): warning C4244: '=': conversión de 'double' a 'float'; posible pérdida de datos
c:\users\pepel\documents\github\proyecto_teoria\proyecto_teoria\proyecto_teoria\proy.cpp(432): warning C4244: '=': conversión de 'double' a 'float'; posible pérdida de datos
c:\users\pepel\documents\github\proyecto_teoria\proyecto_teoria\proyecto_teoria\proy.cpp(436): warning C4244: 'inicializando': conversión de 'double' a 'float'; posible pérdida de datos
c:\users\pepel\documents\github\proyecto_teoria\proyecto_teoria\proyecto_teoria\proy.cpp(437): warning C4244: 'inicializando': conversión de 'double' a 'float'; posible pérdida de datos
c:\users\pepel\documents\github\proyecto_teoria\proyecto_teoria\proyecto_teoria\proy.cpp(439): warning C4244: '=': conversión de 'double' a 'float'; posible pérdida de datos
c:\users\pepel\documents\github\proyecto_teoria\proyecto_teoria\proyecto_teoria\proy.cpp(440): warning C4244: '=': conversión de 'double' a 'float'; posible pérdida de datos
c:\users\pepel\documents\github\proyecto_teoria\proyecto_teoria\proyecto_teoria\proy.cpp(448): warning C4244: 'argumento': conversión de 'double' a 'float'; posible pérdida de datos
LINK : warning LNK4098: la biblioteca predeterminada'MSVCRTD' entra en conflicto con otras bibliotecas; use la biblioteca /NODEFAULTLIB:biblioteca
  Generando código
  All 1004 functions were compiled because no usable IPDB/IOBJ from previous compilation was found.
  Generación de código finalizada
glfw3.lib(context.obj) : warning LNK4099: no se encontró PDB 'glfw.pdb' con 'glfw3.lib(context.obj)' o en 'C:\Users\pepel\Documents\GitHub\Proyecto_Teoria\Proyecto_Teoria\Release\glfw.pdb'; se vinculará el objeto sin tener en cuenta información de depuración
glfw3.lib(init.obj) : warning LNK4099: no se encontró PDB 'glfw.pdb' con 'glfw3.lib(init.obj)' o en 'C:\Users\pepel\Documents\GitHub\Proyecto_Teoria\Proyecto_Teoria\Release\glfw.pdb'; se vinculará el objeto sin tener en cuenta información de depuración
glfw3.lib(input.obj) : warning LNK4099: no se encontró PDB 'glfw.pdb' con 'glfw3.lib(input.obj)' o en 'C:\Users\pepel\Documents\GitHub\Proyecto_Teoria\Proyecto_Teoria\Release\glfw.pdb'; se vinculará el objeto sin tener en cuenta información de depuración
glfw3.lib(monitor.obj) : warning LNK4099: no se encontró PDB 'glfw.pdb' con 'glfw3.lib(monitor.obj)' o en 'C:\Users\pepel\Documents\GitHub\Proyecto_Teoria\Proyecto_Teoria\Release\glfw.pdb'; se vinculará el objeto sin tener en cuenta información de depuración
glfw3.lib(vulkan.obj) : warning LNK4099: no se encontró PDB 'glfw.pdb' con 'glfw3.lib(vulkan.obj)' o en 'C:\Users\pepel\Documents\GitHub\Proyecto_Teoria\Proyecto_Teoria\Release\glfw.pdb'; se vinculará el objeto sin tener en cuenta información de depuración
glfw3.lib(window.obj) : warning LNK4099: no se encontró PDB 'glfw.pdb' con 'glfw3.lib(window.obj)' o en 'C:\Users\pepel\Documents\GitHub\Proyecto_Teoria\Proyecto_Teoria\Release\glfw.pdb'; se vinculará el objeto sin tener en cuenta información de depuración
glfw3.lib(win32_init.obj) : warning LNK4099: no se encontró PDB 'glfw.pdb' con 'glfw3.lib(win32_init.obj)' o en 'C:\Users\pepel\Documents\GitHub\Proyecto_Teoria\Proyecto_Teoria\Release\glfw.pdb'; se vinculará el objeto sin tener en cuenta información de depuración
glfw3.lib(win32_joystick.obj) : warning LNK4099: no se encontró PDB 'glfw.pdb' con 'glfw3.lib(win32_joystick.obj)' o en 'C:\Users\pepel\Documents\GitHub\Proyecto_Teoria\Proyecto_Teoria\Release\glfw.pdb'; se vinculará el objeto sin tener en cuenta información de depuración
glfw3.lib(win32_monitor.obj) : warning LNK4099: no se encontró PDB 'glfw.pdb' con 'glfw3.lib(win32_monitor.obj)' o en 'C:\Users\pepel\Documents\GitHub\Proyecto_Teoria\Proyecto_Teoria\Release\glfw.pdb'; se vinculará el objeto sin tener en cuenta información de depuración
glfw3.lib(win32_time.obj) : warning LNK4099: no se encontró PDB 'glfw.pdb' con 'glfw3.lib(win32_time.obj)' o en 'C:\Users\pepel\Documents\GitHub\Proyecto_Teoria\Proyecto_Teoria\Release\glfw.pdb'; se vinculará el objeto sin tener en cuenta información de depuración
glfw3.lib(win32_thread.obj) : warning LNK4099: no se encontró PDB 'glfw.pdb' con 'glfw3.lib(win32_thread.obj)' o en 'C:\Users\pepel\Documents\GitHub\Proyecto_Teoria\Proyecto_Teoria\Release\glfw.pdb'; se vinculará el objeto sin tener en cuenta información de depuración
glfw3.lib(win32_window.obj) : warning LNK4099: no se encontró PDB 'glfw.pdb' con 'glfw3.lib(win32_window.obj)' o en 'C:\Users\pepel\Documents\GitHub\Proyecto_Teoria\Proyecto_Teoria\Release\glfw.pdb'; se vinculará el objeto sin tener en cuenta información de depuración
glfw3.lib(wgl_context.obj) : warning LNK4099: no se encontró PDB 'glfw.pdb' con 'glfw3.lib(wgl_context.obj)' o en 'C:\Users\pepel\Documents\GitHub\Proyecto_Teoria\Proyecto_Teoria\Release\glfw.pdb'; se vinculará el objeto sin tener en cuenta información de depuración
glfw3.lib(egl_context.obj) : warning LNK4099: no se encontró PDB 'glfw.pdb' con 'glfw3.lib(egl_context.obj)' o en 'C:\Users\pepel\Documents\GitHub\Proyecto_Teoria\Proyecto_Teoria\Release\glfw.pdb'; se vinculará el objeto sin tener en cuenta información de depuración
glfw3.lib(osmesa_context.obj) : warning LNK4099: no se encontró PDB 'glfw.pdb' con 'glfw3.lib(osmesa_context.obj)' o en 'C:\Users\pepel\Documents\GitHub\Proyecto_Teoria\Proyecto_Teoria\Release\glfw.pdb'; se vinculará el objeto sin tener en cuenta información de depuración
  Proyecto_Teoria.vcxproj -> C:\Users\pepel\Documents\GitHub\Proyecto_Teoria\Proyecto_Teoria\Release\Proyecto_Teoria.exe
